<?xml version="1.0" encoding="UTF-8"?>
<!-- Generated by org.testng.reporters.JUnitReportReporter -->
<testsuite hostname="DESKTOP-O7L2KAB" failures="0" tests="3" name="tests.LoginTest" time="11.325" errors="0" timestamp="2023-02-04T13:53:59 IST" skipped="0">
  <testcase classname="tests.LoginTest" name="loginWithValidCredentails" time="3.937"/>
  <system-out/>
  <testcase classname="tests.LoginTest" name="loginWithInvalidEmailAddressAndValidPassword" time="3.744"/>
  <system-out/>
  <testcase classname="tests.LoginTest" name="loginWithValidEmailAddressAndInvalidValidPassword" time="3.644"/>
  <system-out/>
</testsuite> <!-- tests.LoginTest -->
