<?xml version="1.0" encoding="UTF-8"?>
<!-- Generated by org.testng.reporters.JUnitReportReporter -->
<testsuite hostname="DESKTOP-O7L2KAB" failures="0" tests="3" name="tests.LoginTest" time="11.787" errors="0" timestamp="2023-02-05T22:47:54 IST" skipped="0">
  <testcase classname="tests.LoginTest" name="loginWithValidCredentails" time="4.139"/>
  <system-out/>
  <testcase classname="tests.LoginTest" name="loginWithInvalidEmailAddressAndValidPassword" time="3.900"/>
  <system-out/>
  <testcase classname="tests.LoginTest" name="loginWithValidEmailAddressAndInvalidValidPassword" time="3.748"/>
  <system-out/>
</testsuite> <!-- tests.LoginTest -->
